C:\USERS\ELANA\DOCUMENTS\VISUAL STUDIO 2012\PROJECTS\CONSOLEAPPLICATION27\DEBUG\PCAP_TEST(HYUNGSUK KANG).OBJ
C:\USERS\ELANA\DOCUMENTS\VISUAL STUDIO 2012\PROJECTS\CONSOLEAPPLICATION27\DEBUG\VC110.PDB
C:\USERS\ELANA\DOCUMENTS\VISUAL STUDIO 2012\PROJECTS\CONSOLEAPPLICATION27\DEBUG\CONSOLEAPPLICATION27.ILK
C:\USERS\ELANA\DOCUMENTS\VISUAL STUDIO 2012\PROJECTS\CONSOLEAPPLICATION27\DEBUG\CONSOLEAPPLICATION27.EXE
C:\USERS\ELANA\DOCUMENTS\VISUAL STUDIO 2012\PROJECTS\CONSOLEAPPLICATION27\DEBUG\CONSOLEAPPLICATION27.PDB
C:\Users\Elana\documents\visual studio 2012\Projects\ConsoleApplication27\Debug\pcap_test(Hyungsuk Kang).obj
C:\Users\Elana\documents\visual studio 2012\Projects\ConsoleApplication27\Debug\ConsoleApplication27.ilk
C:\Users\Elana\documents\visual studio 2012\Projects\ConsoleApplication27\Debug\cl.command.1.tlog
C:\Users\Elana\documents\visual studio 2012\Projects\ConsoleApplication27\Debug\CL.read.1.tlog
C:\Users\Elana\documents\visual studio 2012\Projects\ConsoleApplication27\Debug\CL.write.1.tlog
C:\Users\Elana\documents\visual studio 2012\Projects\ConsoleApplication27\Debug\link-cvtres.read.1.tlog
C:\Users\Elana\documents\visual studio 2012\Projects\ConsoleApplication27\Debug\link-cvtres.write.1.tlog
C:\Users\Elana\documents\visual studio 2012\Projects\ConsoleApplication27\Debug\link-rc.read.1.tlog
C:\Users\Elana\documents\visual studio 2012\Projects\ConsoleApplication27\Debug\link-rc.write.1.tlog
C:\Users\Elana\documents\visual studio 2012\Projects\ConsoleApplication27\Debug\link.command.1.tlog
C:\Users\Elana\documents\visual studio 2012\Projects\ConsoleApplication27\Debug\link.read.1.tlog
C:\Users\Elana\documents\visual studio 2012\Projects\ConsoleApplication27\Debug\link.write.1.tlog
C:\Users\Elana\documents\visual studio 2012\Projects\ConsoleApplication27\Debug\vc110.idb
C:\Users\Elana\documents\visual studio 2012\Projects\ConsoleApplication27\Debug\ConsoleApplication27.pdb
C:\Users\Elana\documents\visual studio 2012\Projects\ConsoleApplication27\Debug\vc110.pdb
C:\Users\Elana\documents\visual studio 2012\Projects\ConsoleApplication27\Debug\ConsoleApplication27.exe
